<?xml version="1.0" encoding="UTF-8"?>
<!-- Generated by org.testng.reporters.JUnitReportReporter -->
<testsuite hostname="DESKTOP-0VCR122" failures="0" tests="2" name="Testing.TestNG_Items_and_Price_Compare" time="18.926" errors="0" timestamp="2023-04-29T12:21:41 IDT" skipped="0">
  <testcase classname="Testing.TestNG_Items_and_Price_Compare" name="T20_Search_and_Filter_match_to_result_box_test" time="15.991"/>
  <system-out/>
  <testcase classname="Testing.TestNG_Items_and_Price_Compare" name="T19_find_the_cheapest_item_test" time="2.935"/>
  <system-out/>
</testsuite> <!-- Testing.TestNG_Items_and_Price_Compare -->
