<?xml version="1.0" encoding="UTF-8"?>
<!-- Generated by org.testng.reporters.JUnitReportReporter -->
<testsuite hostname="DESKTOP-0VCR122" failures="0" tests="2" name="Testing.TestNG_Optic" time="7.444" errors="0" timestamp="2023-04-29T12:21:41 IDT" skipped="0">
  <testcase classname="Testing.TestNG_Optic" name="T13_verify_proper_filtering" time="4.795"/>
  <system-out/>
  <testcase classname="Testing.TestNG_Optic" name="T14_verify_that_all_elements_got_picture" time="2.649"/>
  <system-out/>
</testsuite> <!-- Testing.TestNG_Optic -->
