<?xml version="1.0" encoding="UTF-8"?>
<!-- Generated by org.testng.reporters.JUnitReportReporter -->
<testsuite hostname="DESKTOP-0VCR122" failures="0" tests="5" name="Testing.TestNG_Cart" time="122.690" errors="0" timestamp="2023-04-29T12:21:41 IDT" skipped="0">
  <testcase classname="Testing.TestNG_Cart" name="T05_Check_item_price_test" time="8.909"/>
  <system-out/>
  <testcase classname="Testing.TestNG_Cart" name="T06_Check_item_price_updated_test" time="15.613"/>
  <system-out/>
  <testcase classname="Testing.TestNG_Cart" name="T07_Check_cart_float_number_test" time="21.022"/>
  <system-out/>
  <testcase classname="Testing.TestNG_Cart" name="T08_Add_remove_item_by_less_btn_test" time="26.003"/>
  <system-out/>
  <testcase classname="Testing.TestNG_Cart" name="T09_Remove_item_by_x_btn_test" time="51.143"/>
  <system-out/>
</testsuite> <!-- Testing.TestNG_Cart -->
