<?xml version="1.0" encoding="UTF-8"?>
<!-- Generated by org.testng.reporters.JUnitReportReporter -->
<testsuite hostname="DESKTOP-0VCR122" failures="0" tests="3" name="Testing.TestNG_On_Sale" time="42.985" errors="0" timestamp="2023-04-29T12:21:41 IDT" skipped="0">
  <testcase classname="Testing.TestNG_On_Sale" name="T12_Discount_check_test" time="36.198"/>
  <system-out/>
  <testcase classname="Testing.TestNG_On_Sale" name="T10_Item_content_error_test" time="1.184"/>
  <system-out/>
  <testcase classname="Testing.TestNG_On_Sale" name="T11_Add_item_to_cart_via_content_window_test" time="5.603"/>
  <system-out/>
</testsuite> <!-- Testing.TestNG_On_Sale -->
