<?xml version="1.0" encoding="UTF-8"?>
<!-- Generated by org.testng.reporters.JUnitReportReporter -->
<testsuite hostname="DESKTOP-0VCR122" failures="0" tests="4" name="Testing.TestNG_RegisterAndLogin" time="5.551" errors="0" timestamp="2023-05-03T22:13:00 IDT" skipped="0">
  <testcase classname="Testing.TestNG_RegisterAndLogin" name="T02_Registration_last_name_test" time="0.665"/>
  <system-out/>
  <testcase classname="Testing.TestNG_RegisterAndLogin" name="T03_Registration_Email_test" time="0.726"/>
  <system-out/>
  <testcase classname="Testing.TestNG_RegisterAndLogin" name="T01_Registration_first_name_test" time="0.936"/>
  <system-out/>
  <testcase classname="Testing.TestNG_RegisterAndLogin" name="T04_Login_Email_and_password_test" time="3.224"/>
  <system-out/>
</testsuite> <!-- Testing.TestNG_RegisterAndLogin -->
