<?xml version="1.0" encoding="UTF-8"?>
<!-- Generated by org.testng.reporters.JUnitReportReporter -->
<testsuite hostname="DESKTOP-0VCR122" failures="0" tests="3" name="Testing.TestNG_Join_lifestyle" time="6.462" errors="0" timestamp="2023-04-29T12:21:41 IDT" skipped="0">
  <testcase classname="Testing.TestNG_Join_lifestyle" name="T28_ID_field" time="5.971"/>
  <system-out/>
  <testcase classname="Testing.TestNG_Join_lifestyle" name="T29_Phone_field" time="0.251"/>
  <system-out/>
  <testcase classname="Testing.TestNG_Join_lifestyle" name="T30_First_name_field" time="0.240"/>
  <system-out/>
</testsuite> <!-- Testing.TestNG_Join_lifestyle -->
