<?xml version="1.0" encoding="UTF-8"?>
<!-- Generated by org.testng.reporters.JUnitReportReporter -->
<testsuite hostname="DESKTOP-0VCR122" failures="0" tests="2" name="Testing.TestNG_Favorite_and_No_inventory" time="2.616" errors="0" timestamp="2023-04-29T12:21:41 IDT" skipped="0">
  <testcase classname="Testing.TestNG_Favorite_and_No_inventory" name="T26_Add_to_favorite_test" time="2.551"/>
  <system-out/>
  <testcase classname="Testing.TestNG_Favorite_and_No_inventory" name="T27_Add_item_to_cart" time="0.065"/>
  <system-out/>
</testsuite> <!-- Testing.TestNG_Favorite_and_No_inventory -->
