<?xml version="1.0" encoding="UTF-8"?>
<!-- Generated by org.testng.reporters.JUnitReportReporter -->
<testsuite hostname="DESKTOP-0VCR122" failures="0" tests="5" name="Testing.TestNG_Cart" time="129.229" errors="0" timestamp="2023-05-03T22:19:33 IDT" skipped="0">
  <testcase classname="Testing.TestNG_Cart" name="T05_Check_item_price_test" time="16.830"/>
  <system-out/>
  <testcase classname="Testing.TestNG_Cart" name="T06_Check_item_price_updated_test" time="16.510"/>
  <system-out/>
  <testcase classname="Testing.TestNG_Cart" name="T07_Check_cart_float_number_test" time="21.095"/>
  <system-out/>
  <testcase classname="Testing.TestNG_Cart" name="T08_Add_remove_item_by_less_btn_test" time="25.958"/>
  <system-out/>
  <testcase classname="Testing.TestNG_Cart" name="T09_Remove_item_by_x_btn_test" time="48.836"/>
  <system-out/>
</testsuite> <!-- Testing.TestNG_Cart -->
