<?xml version="1.0" encoding="UTF-8"?>
<!-- Generated by org.testng.reporters.JUnitReportReporter -->
<testsuite hostname="DESKTOP-0VCR122" failures="0" tests="3" name="Testing.TestNG_Categories" time="15.208" errors="0" timestamp="2023-04-29T12:21:41 IDT" skipped="0">
  <testcase classname="Testing.TestNG_Categories" name="T23_Sort_and_filter_test" time="10.349"/>
  <system-out/>
  <testcase classname="Testing.TestNG_Categories" name="T24_Add_filter_and_check_title_test" time="0.642"/>
  <system-out/>
  <testcase classname="Testing.TestNG_Categories" name="T25_Compare_2_list_content_test" time="4.217"/>
  <system-out/>
</testsuite> <!-- Testing.TestNG_Categories -->
