<?xml version="1.0" encoding="UTF-8"?>
<!-- Generated by org.testng.reporters.JUnitReportReporter -->
<testsuite hostname="DESKTOP-0VCR122" failures="0" tests="1" name="Testing.TestNG_Coupons" time="1.957" errors="0" timestamp="2023-04-29T12:21:41 IDT" skipped="0">
  <testcase classname="Testing.TestNG_Coupons" name="T15_Black_tag_compare_test" time="1.957"/>
  <system-out/>
</testsuite> <!-- Testing.TestNG_Coupons -->
