<?xml version="1.0" encoding="UTF-8"?>
<!-- Generated by org.testng.reporters.JUnitReportReporter -->
<testsuite hostname="DESKTOP-0VCR122" failures="0" tests="2" name="Testing.TestNG_Logo" time="19.150" errors="0" timestamp="2023-04-29T12:21:41 IDT" skipped="0">
  <testcase classname="Testing.TestNG_Logo" name="T21_Logo_home_page_test" time="19.028"/>
  <system-out/>
  <testcase classname="Testing.TestNG_Logo" name="T22_Logo_size_test" time="0.122"/>
  <system-out/>
</testsuite> <!-- Testing.TestNG_Logo -->
