<?xml version="1.0" encoding="UTF-8"?>
<!-- Generated by org.testng.reporters.JUnitReportReporter -->
<testsuite hostname="DESKTOP-0VCR122" failures="0" tests="3" name="Testing.TestNG_Links" time="51.172" errors="0" timestamp="2023-04-29T12:21:41 IDT" skipped="0">
  <testcase classname="Testing.TestNG_Links" name="T17_Navigation_to_item_page_test" time="22.720"/>
  <system-out/>
  <testcase classname="Testing.TestNG_Links" name="T18_Search_item_via_category_submenu" time="6.164"/>
  <system-out/>
  <testcase classname="Testing.TestNG_Links" name="T16_Navigation_to_item_page_when_item_out_of_stock_test" time="22.288"/>
  <system-out/>
</testsuite> <!-- Testing.TestNG_Links -->
